<?xml version="1.0" encoding="UTF-8"?>
<!-- Generated by org.testng.reporters.JUnitReportReporter -->
<testsuite hostname="LAPTOP-UPRJBTHG" failures="0" tests="1" name="practice_package.GroupTestNG2" time="0.013" errors="0" timestamp="2023-01-10T14:44:02 IST" skipped="0">
  <testcase classname="practice_package.GroupTestNG2" name="simple4" time="0.013"/>
  <system-out/>
</testsuite> <!-- practice_package.GroupTestNG2 -->
