<?xml version="1.0" encoding="UTF-8"?>
<!-- Generated by org.testng.reporters.JUnitReportReporter -->
<testsuite hostname="LAPTOP-UPRJBTHG" failures="0" tests="2" name="practice_package.SampleTestNG4" time="0.003" errors="0" timestamp="2023-01-10T13:06:50 IST" skipped="0">
  <testcase classname="practice_package.SampleTestNG4" name="simple7" time="0.001"/>
  <system-out/>
  <testcase classname="practice_package.SampleTestNG4" name="simple8" time="0.002"/>
  <system-out/>
</testsuite> <!-- practice_package.SampleTestNG4 -->
